{"/app/lib/upscaler.ts": {"path":"/app/lib/upscaler.ts","statementMap":{"0":{"start":{"line":5,"column":0},"end":{"line":5,"column":39}},"1":{"start":{"line":6,"column":0},"end":{"line":6,"column":32}},"2":{"start":{"line":9,"column":61},"end":{"line":9,"column":65}},"3":{"start":{"line":10,"column":17},"end":{"line":10,"column":18}},"4":{"start":{"line":13,"column":27},"end":{"line":51,"column":1}},"5":{"start":{"line":15,"column":4},"end":{"line":17,"column":5}},"6":{"start":{"line":16,"column":8},"end":{"line":16,"column":65}},"7":{"start":{"line":19,"column":4},"end":{"line":31,"column":5}},"8":{"start":{"line":21,"column":8},"end":{"line":21,"column":37}},"9":{"start":{"line":23,"column":8},"end":{"line":23,"column":25}},"10":{"start":{"line":24,"column":8},"end":{"line":24,"column":59}},"11":{"start":{"line":26,"column":8},"end":{"line":26,"column":99}},"12":{"start":{"line":28,"column":8},"end":{"line":28,"column":35}},"13":{"start":{"line":29,"column":8},"end":{"line":29,"column":25}},"14":{"start":{"line":30,"column":8},"end":{"line":30,"column":57}},"15":{"start":{"line":33,"column":4},"end":{"line":48,"column":5}},"16":{"start":{"line":35,"column":22},"end":{"line":35,"column":122}},"17":{"start":{"line":35,"column":23},"end":{"line":35,"column":113}},"18":{"start":{"line":36,"column":8},"end":{"line":36,"column":23}},"19":{"start":{"line":39,"column":8},"end":{"line":39,"column":51}},"20":{"start":{"line":40,"column":8},"end":{"line":40,"column":86}},"21":{"start":{"line":43,"column":8},"end":{"line":43,"column":105}},"22":{"start":{"line":45,"column":8},"end":{"line":45,"column":23}},"23":{"start":{"line":46,"column":8},"end":{"line":46,"column":42}},"24":{"start":{"line":47,"column":8},"end":{"line":47,"column":70}},"25":{"start":{"line":50,"column":4},"end":{"line":50,"column":61}},"26":{"start":{"line":13,"column":13},"end":{"line":13,"column":27}}},"fnMap":{"0":{"name":"(anonymous_10)","decl":{"start":{"line":13,"column":27},"end":{"line":13,"column":32}},"loc":{"start":{"line":13,"column":107},"end":{"line":51,"column":1}}},"1":{"name":"(anonymous_11)","decl":{"start":{"line":35,"column":23},"end":{"line":35,"column":36}},"loc":{"start":{"line":35,"column":23},"end":{"line":35,"column":113}}}},"branchMap":{"0":{"loc":{"start":{"line":15,"column":4},"end":{"line":17,"column":5}},"type":"if","locations":[{"start":{"line":15,"column":4},"end":{"line":17,"column":5}},{"start":{},"end":{}}]}},"s":{"0":7,"1":7,"2":7,"3":7,"4":7,"5":6,"6":1,"7":5,"8":5,"9":3,"10":3,"11":2,"12":2,"13":2,"14":2,"15":5,"16":5,"17":5,"18":3,"19":3,"20":3,"21":2,"22":2,"23":2,"24":2,"25":5,"26":7},"f":{"0":6,"1":5},"b":{"0":[1,5]}}
,"/app/services/geminiService.ts": {"path":"/app/services/geminiService.ts","statementMap":{"0":{"start":{"line":107,"column":0},"end":{"line":107,"column":7}},"1":{"start":{"line":162,"column":0},"end":{"line":162,"column":7}},"2":{"start":{"line":258,"column":0},"end":{"line":258,"column":7}},"3":{"start":{"line":5,"column":0},"end":{"line":5,"column":60}},"4":{"start":{"line":8,"column":0},"end":{"line":8,"column":54}},"5":{"start":{"line":11,"column":16},"end":{"line":11,"column":76}},"6":{"start":{"line":13,"column":0},"end":{"line":15,"column":1}},"7":{"start":{"line":14,"column":2},"end":{"line":14,"column":72}},"8":{"start":{"line":17,"column":11},"end":{"line":17,"column":47}},"9":{"start":{"line":22,"column":18},"end":{"line":22,"column":66}},"10":{"start":{"line":23,"column":4},"end":{"line":25,"column":5}},"11":{"start":{"line":24,"column":6},"end":{"line":24,"column":87}},"12":{"start":{"line":26,"column":31},"end":{"line":26,"column":36}},"13":{"start":{"line":27,"column":4},"end":{"line":27,"column":46}},"14":{"start":{"line":31,"column":34},"end":{"line":31,"column":105}},"15":{"start":{"line":31,"column":89},"end":{"line":31,"column":104}},"16":{"start":{"line":33,"column":4},"end":{"line":36,"column":5}},"17":{"start":{"line":34,"column":35},"end":{"line":34,"column":67}},"18":{"start":{"line":35,"column":8},"end":{"line":35,"column":49}},"19":{"start":{"line":38,"column":25},"end":{"line":38,"column":38}},"20":{"start":{"line":39,"column":4},"end":{"line":39,"column":74}},"21":{"start":{"line":40,"column":4},"end":{"line":40,"column":127}},"22":{"start":{"line":44,"column":23},"end":{"line":44,"column":24}},"23":{"start":{"line":45,"column":25},"end":{"line":45,"column":29}},"24":{"start":{"line":47,"column":4},"end":{"line":88,"column":5}},"25":{"start":{"line":47,"column":23},"end":{"line":47,"column":24}},"26":{"start":{"line":48,"column":8},"end":{"line":87,"column":9}},"27":{"start":{"line":49,"column":12},"end":{"line":55,"column":15}},"28":{"start":{"line":57,"column":12},"end":{"line":57,"column":97}},"29":{"start":{"line":60,"column":12},"end":{"line":60,"column":95}},"30":{"start":{"line":61,"column":12},"end":{"line":75,"column":13}},"31":{"start":{"line":62,"column":39},"end":{"line":71,"column":18}},"32":{"start":{"line":66,"column":24},"end":{"line":66,"column":65}},"33":{"start":{"line":66,"column":51},"end":{"line":66,"column":65}},"34":{"start":{"line":67,"column":24},"end":{"line":67,"column":110}},"35":{"start":{"line":67,"column":63},"end":{"line":67,"column":110}},"36":{"start":{"line":68,"column":24},"end":{"line":68,"column":41}},"37":{"start":{"line":70,"column":54},"end":{"line":70,"column":75}},"38":{"start":{"line":72,"column":16},"end":{"line":72,"column":71}},"39":{"start":{"line":74,"column":16},"end":{"line":74,"column":82}},"40":{"start":{"line":77,"column":33},"end":{"line":77,"column":95}},"41":{"start":{"line":78,"column":36},"end":{"line":78,"column":108}},"42":{"start":{"line":80,"column":12},"end":{"line":85,"column":13}},"43":{"start":{"line":81,"column":30},"end":{"line":81,"column":69}},"44":{"start":{"line":82,"column":16},"end":{"line":82,"column":82}},"45":{"start":{"line":83,"column":16},"end":{"line":83,"column":73}},"46":{"start":{"line":83,"column":45},"end":{"line":83,"column":71}},"47":{"start":{"line":84,"column":16},"end":{"line":84,"column":25}},"48":{"start":{"line":86,"column":12},"end":{"line":86,"column":24}},"49":{"start":{"line":89,"column":4},"end":{"line":89,"column":65}},"50":{"start":{"line":108,"column":4},"end":{"line":110,"column":5}},"51":{"start":{"line":109,"column":8},"end":{"line":109,"column":18}},"52":{"start":{"line":112,"column":19},"end":{"line":120,"column":8}},"53":{"start":{"line":122,"column":4},"end":{"line":152,"column":5}},"54":{"start":{"line":123,"column":25},"end":{"line":137,"column":10}},"55":{"start":{"line":139,"column":24},"end":{"line":139,"column":44}},"56":{"start":{"line":140,"column":28},"end":{"line":140,"column":47}},"57":{"start":{"line":142,"column":8},"end":{"line":144,"column":9}},"58":{"start":{"line":142,"column":65},"end":{"line":142,"column":86}},"59":{"start":{"line":143,"column":12},"end":{"line":143,"column":31}},"60":{"start":{"line":146,"column":8},"end":{"line":146,"column":89}},"61":{"start":{"line":147,"column":8},"end":{"line":147,"column":18}},"62":{"start":{"line":150,"column":8},"end":{"line":150,"column":69}},"63":{"start":{"line":151,"column":8},"end":{"line":151,"column":18}},"64":{"start":{"line":167,"column":26},"end":{"line":167,"column":28}},"65":{"start":{"line":168,"column":32},"end":{"line":168,"column":34}},"66":{"start":{"line":171,"column":29},"end":{"line":171,"column":71}},"67":{"start":{"line":172,"column":4},"end":{"line":172,"column":48}},"68":{"start":{"line":175,"column":4},"end":{"line":200,"column":5}},"69":{"start":{"line":177,"column":8},"end":{"line":177,"column":191}},"70":{"start":{"line":180,"column":8},"end":{"line":194,"column":9}},"71":{"start":{"line":181,"column":42},"end":{"line":181,"column":89}},"72":{"start":{"line":182,"column":12},"end":{"line":182,"column":61}},"73":{"start":{"line":183,"column":12},"end":{"line":183,"column":90}},"74":{"start":{"line":184,"column":12},"end":{"line":186,"column":13}},"75":{"start":{"line":185,"column":16},"end":{"line":185,"column":106}},"76":{"start":{"line":187,"column":12},"end":{"line":189,"column":13}},"77":{"start":{"line":188,"column":16},"end":{"line":188,"column":103}},"78":{"start":{"line":190,"column":15},"end":{"line":194,"column":9}},"79":{"start":{"line":191,"column":12},"end":{"line":191,"column":96}},"80":{"start":{"line":193,"column":12},"end":{"line":193,"column":121}},"81":{"start":{"line":197,"column":8},"end":{"line":199,"column":9}},"82":{"start":{"line":198,"column":12},"end":{"line":198,"column":114}},"83":{"start":{"line":202,"column":24},"end":{"line":221,"column":12}},"84":{"start":{"line":223,"column":4},"end":{"line":223,"column":38}},"85":{"start":{"line":225,"column":4},"end":{"line":233,"column":5}},"86":{"start":{"line":226,"column":8},"end":{"line":226,"column":98}},"87":{"start":{"line":227,"column":25},"end":{"line":227,"column":57}},"88":{"start":{"line":228,"column":8},"end":{"line":228,"column":47}},"89":{"start":{"line":230,"column":29},"end":{"line":230,"column":91}},"90":{"start":{"line":231,"column":8},"end":{"line":231,"column":94}},"91":{"start":{"line":232,"column":8},"end":{"line":232,"column":99}},"92":{"start":{"line":237,"column":25},"end":{"line":248,"column":2}},"93":{"start":{"line":263,"column":19},"end":{"line":279,"column":8}},"94":{"start":{"line":281,"column":34},"end":{"line":281,"column":81}},"95":{"start":{"line":282,"column":18},"end":{"line":282,"column":80}},"96":{"start":{"line":283,"column":4},"end":{"line":285,"column":5}},"97":{"start":{"line":284,"column":8},"end":{"line":284,"column":68}},"98":{"start":{"line":286,"column":31},"end":{"line":286,"column":36}},"99":{"start":{"line":289,"column":4},"end":{"line":306,"column":5}},"100":{"start":{"line":290,"column":8},"end":{"line":290,"column":40}},"101":{"start":{"line":291,"column":8},"end":{"line":291,"column":73}},"102":{"start":{"line":292,"column":8},"end":{"line":302,"column":11}},"103":{"start":{"line":304,"column":8},"end":{"line":304,"column":97}},"104":{"start":{"line":305,"column":8},"end":{"line":305,"column":91}},"105":{"start":{"line":308,"column":24},"end":{"line":308,"column":25}},"106":{"start":{"line":309,"column":4},"end":{"line":319,"column":5}},"107":{"start":{"line":310,"column":8},"end":{"line":310,"column":78}},"108":{"start":{"line":311,"column":8},"end":{"line":311,"column":24}},"109":{"start":{"line":312,"column":8},"end":{"line":312,"column":65}},"110":{"start":{"line":312,"column":37},"end":{"line":312,"column":63}},"111":{"start":{"line":313,"column":8},"end":{"line":318,"column":9}},"112":{"start":{"line":314,"column":12},"end":{"line":314,"column":89}},"113":{"start":{"line":316,"column":12},"end":{"line":316,"column":74}},"114":{"start":{"line":317,"column":12},"end":{"line":317,"column":97}},"115":{"start":{"line":321,"column":4},"end":{"line":324,"column":5}},"116":{"start":{"line":322,"column":8},"end":{"line":322,"column":116}},"117":{"start":{"line":323,"column":8},"end":{"line":323,"column":117}},"118":{"start":{"line":326,"column":25},"end":{"line":326,"column":77}},"119":{"start":{"line":327,"column":4},"end":{"line":330,"column":5}},"120":{"start":{"line":328,"column":8},"end":{"line":328,"column":130}},"121":{"start":{"line":329,"column":8},"end":{"line":329,"column":82}},"122":{"start":{"line":332,"column":4},"end":{"line":332,"column":45}},"123":{"start":{"line":334,"column":4},"end":{"line":345,"column":5}},"124":{"start":{"line":335,"column":25},"end":{"line":335,"column":70}},"125":{"start":{"line":336,"column":8},"end":{"line":338,"column":9}},"126":{"start":{"line":337,"column":12},"end":{"line":337,"column":89}},"127":{"start":{"line":339,"column":21},"end":{"line":339,"column":42}},"128":{"start":{"line":340,"column":8},"end":{"line":340,"column":41}},"129":{"start":{"line":343,"column":8},"end":{"line":343,"column":69}},"130":{"start":{"line":344,"column":8},"end":{"line":344,"column":79}}},"fnMap":{"0":{"name":"dataUrlToPart","decl":{"start":{"line":21,"column":9},"end":{"line":21,"column":22}},"loc":{"start":{"line":21,"column":38},"end":{"line":28,"column":1}}},"1":{"name":"processGeminiResponse","decl":{"start":{"line":30,"column":9},"end":{"line":30,"column":30}},"loc":{"start":{"line":30,"column":64},"end":{"line":41,"column":1}}},"2":{"name":"(anonymous_2)","decl":{"start":{"line":31,"column":81},"end":{"line":31,"column":85}},"loc":{"start":{"line":31,"column":89},"end":{"line":31,"column":104}}},"3":{"name":"callGeminiWithRetry","decl":{"start":{"line":43,"column":15},"end":{"line":43,"column":34}},"loc":{"start":{"line":43,"column":48},"end":{"line":90,"column":1}}},"4":{"name":"(anonymous_4)","decl":{"start":{"line":65,"column":41},"end":{"line":65,"column":42}},"loc":{"start":{"line":65,"column":45},"end":{"line":69,"column":21}}},"5":{"name":"(anonymous_5)","decl":{"start":{"line":70,"column":49},"end":{"line":70,"column":50}},"loc":{"start":{"line":70,"column":54},"end":{"line":70,"column":75}}},"6":{"name":"(anonymous_6)","decl":{"start":{"line":83,"column":34},"end":{"line":83,"column":41}},"loc":{"start":{"line":83,"column":45},"end":{"line":83,"column":71}}},"7":{"name":"getHairstyleSuggestions","decl":{"start":{"line":107,"column":22},"end":{"line":107,"column":45}},"loc":{"start":{"line":107,"column":59},"end":{"line":153,"column":1}}},"8":{"name":"(anonymous_8)","decl":{"start":{"line":142,"column":60},"end":{"line":142,"column":61}},"loc":{"start":{"line":142,"column":65},"end":{"line":142,"column":86}}},"9":{"name":"generateFourUpImage","decl":{"start":{"line":162,"column":22},"end":{"line":162,"column":41}},"loc":{"start":{"line":164,"column":30},"end":{"line":234,"column":1}}},"10":{"name":"generateHairstyleVideo","decl":{"start":{"line":258,"column":22},"end":{"line":258,"column":44}},"loc":{"start":{"line":261,"column":41},"end":{"line":346,"column":1}}},"11":{"name":"(anonymous_11)","decl":{"start":{"line":312,"column":26},"end":{"line":312,"column":33}},"loc":{"start":{"line":312,"column":37},"end":{"line":312,"column":63}}}},"branchMap":{"0":{"loc":{"start":{"line":11,"column":16},"end":{"line":11,"column":76}},"type":"binary-expr","locations":[{"start":{"line":11,"column":16},"end":{"line":11,"column":35}},{"start":{"line":11,"column":40},"end":{"line":11,"column":76}}]},"1":{"loc":{"start":{"line":13,"column":0},"end":{"line":15,"column":1}},"type":"if","locations":[{"start":{"line":13,"column":0},"end":{"line":15,"column":1}},{"start":{},"end":{}}]},"2":{"loc":{"start":{"line":23,"column":4},"end":{"line":25,"column":5}},"type":"if","locations":[{"start":{"line":23,"column":4},"end":{"line":25,"column":5}},{"start":{},"end":{}}]},"3":{"loc":{"start":{"line":33,"column":4},"end":{"line":36,"column":5}},"type":"if","locations":[{"start":{"line":33,"column":4},"end":{"line":36,"column":5}},{"start":{},"end":{}}]},"4":{"loc":{"start":{"line":40,"column":78},"end":{"line":40,"column":122}},"type":"binary-expr","locations":[{"start":{"line":40,"column":78},"end":{"line":40,"column":90}},{"start":{"line":40,"column":94},"end":{"line":40,"column":122}}]},"5":{"loc":{"start":{"line":66,"column":24},"end":{"line":66,"column":65}},"type":"if","locations":[{"start":{"line":66,"column":24},"end":{"line":66,"column":65}},{"start":{},"end":{}}]},"6":{"loc":{"start":{"line":66,"column":28},"end":{"line":66,"column":49}},"type":"binary-expr","locations":[{"start":{"line":66,"column":28},"end":{"line":66,"column":39}},{"start":{"line":66,"column":43},"end":{"line":66,"column":49}}]},"7":{"loc":{"start":{"line":67,"column":24},"end":{"line":67,"column":110}},"type":"if","locations":[{"start":{"line":67,"column":24},"end":{"line":67,"column":110}},{"start":{},"end":{}}]},"8":{"loc":{"start":{"line":67,"column":28},"end":{"line":67,"column":61}},"type":"binary-expr","locations":[{"start":{"line":67,"column":28},"end":{"line":67,"column":45}},{"start":{"line":67,"column":49},"end":{"line":67,"column":61}}]},"9":{"loc":{"start":{"line":70,"column":54},"end":{"line":70,"column":75}},"type":"binary-expr","locations":[{"start":{"line":70,"column":54},"end":{"line":70,"column":65}},{"start":{"line":70,"column":69},"end":{"line":70,"column":75}}]},"10":{"loc":{"start":{"line":77,"column":33},"end":{"line":77,"column":95}},"type":"cond-expr","locations":[{"start":{"line":77,"column":58},"end":{"line":77,"column":71}},{"start":{"line":77,"column":74},"end":{"line":77,"column":95}}]},"11":{"loc":{"start":{"line":78,"column":36},"end":{"line":78,"column":108}},"type":"binary-expr","locations":[{"start":{"line":78,"column":36},"end":{"line":78,"column":71}},{"start":{"line":78,"column":75},"end":{"line":78,"column":108}}]},"12":{"loc":{"start":{"line":80,"column":12},"end":{"line":85,"column":13}},"type":"if","locations":[{"start":{"line":80,"column":12},"end":{"line":85,"column":13}},{"start":{},"end":{}}]},"13":{"loc":{"start":{"line":80,"column":16},"end":{"line":80,"column":55}},"type":"binary-expr","locations":[{"start":{"line":80,"column":16},"end":{"line":80,"column":31}},{"start":{"line":80,"column":35},"end":{"line":80,"column":55}}]},"14":{"loc":{"start":{"line":108,"column":4},"end":{"line":110,"column":5}},"type":"if","locations":[{"start":{"line":108,"column":4},"end":{"line":110,"column":5}},{"start":{},"end":{}}]},"15":{"loc":{"start":{"line":142,"column":8},"end":{"line":144,"column":9}},"type":"if","locations":[{"start":{"line":142,"column":8},"end":{"line":144,"column":9}},{"start":{},"end":{}}]},"16":{"loc":{"start":{"line":142,"column":12},"end":{"line":142,"column":87}},"type":"binary-expr","locations":[{"start":{"line":142,"column":12},"end":{"line":142,"column":38}},{"start":{"line":142,"column":42},"end":{"line":142,"column":87}}]},"17":{"loc":{"start":{"line":175,"column":4},"end":{"line":200,"column":5}},"type":"if","locations":[{"start":{"line":175,"column":4},"end":{"line":200,"column":5}},{"start":{"line":178,"column":11},"end":{"line":200,"column":5}}]},"18":{"loc":{"start":{"line":175,"column":8},"end":{"line":175,"column":84}},"type":"binary-expr","locations":[{"start":{"line":175,"column":8},"end":{"line":175,"column":36}},{"start":{"line":175,"column":40},"end":{"line":175,"column":63}},{"start":{"line":175,"column":67},"end":{"line":175,"column":84}}]},"19":{"loc":{"start":{"line":180,"column":8},"end":{"line":194,"column":9}},"type":"if","locations":[{"start":{"line":180,"column":8},"end":{"line":194,"column":9}},{"start":{"line":190,"column":15},"end":{"line":194,"column":9}}]},"20":{"loc":{"start":{"line":184,"column":12},"end":{"line":186,"column":13}},"type":"if","locations":[{"start":{"line":184,"column":12},"end":{"line":186,"column":13}},{"start":{},"end":{}}]},"21":{"loc":{"start":{"line":187,"column":12},"end":{"line":189,"column":13}},"type":"if","locations":[{"start":{"line":187,"column":12},"end":{"line":189,"column":13}},{"start":{},"end":{}}]},"22":{"loc":{"start":{"line":190,"column":15},"end":{"line":194,"column":9}},"type":"if","locations":[{"start":{"line":190,"column":15},"end":{"line":194,"column":9}},{"start":{"line":192,"column":15},"end":{"line":194,"column":9}}]},"23":{"loc":{"start":{"line":197,"column":8},"end":{"line":199,"column":9}},"type":"if","locations":[{"start":{"line":197,"column":8},"end":{"line":199,"column":9}},{"start":{},"end":{}}]},"24":{"loc":{"start":{"line":230,"column":29},"end":{"line":230,"column":91}},"type":"cond-expr","locations":[{"start":{"line":230,"column":54},"end":{"line":230,"column":67}},{"start":{"line":230,"column":70},"end":{"line":230,"column":91}}]},"25":{"loc":{"start":{"line":283,"column":4},"end":{"line":285,"column":5}},"type":"if","locations":[{"start":{"line":283,"column":4},"end":{"line":285,"column":5}},{"start":{},"end":{}}]},"26":{"loc":{"start":{"line":321,"column":4},"end":{"line":324,"column":5}},"type":"if","locations":[{"start":{"line":321,"column":4},"end":{"line":324,"column":5}},{"start":{},"end":{}}]},"27":{"loc":{"start":{"line":327,"column":4},"end":{"line":330,"column":5}},"type":"if","locations":[{"start":{"line":327,"column":4},"end":{"line":330,"column":5}},{"start":{},"end":{}}]},"28":{"loc":{"start":{"line":336,"column":8},"end":{"line":338,"column":9}},"type":"if","locations":[{"start":{"line":336,"column":8},"end":{"line":338,"column":9}},{"start":{},"end":{}}]}},"s":{"0":1,"1":1,"2":1,"3":1,"4":1,"5":1,"6":1,"7":0,"8":1,"9":9,"10":9,"11":0,"12":9,"13":9,"14":5,"15":5,"16":5,"17":4,"18":4,"19":1,"20":1,"21":1,"22":7,"23":7,"24":7,"25":7,"26":11,"27":11,"28":6,"29":6,"30":6,"31":6,"32":12,"33":6,"34":6,"35":6,"36":0,"37":12,"38":6,"39":0,"40":6,"41":6,"42":6,"43":4,"44":4,"45":4,"46":4,"47":4,"48":2,"49":0,"50":5,"51":1,"52":4,"53":4,"54":4,"55":3,"56":3,"57":2,"58":3,"59":1,"60":1,"61":1,"62":2,"63":2,"64":8,"65":8,"66":8,"67":8,"68":8,"69":1,"70":7,"71":1,"72":1,"73":1,"74":1,"75":1,"76":1,"77":1,"78":6,"79":5,"80":1,"81":6,"82":1,"83":7,"84":7,"85":7,"86":7,"87":7,"88":5,"89":3,"90":3,"91":3,"92":1,"93":0,"94":0,"95":0,"96":0,"97":0,"98":0,"99":0,"100":0,"101":0,"102":0,"103":0,"104":0,"105":0,"106":0,"107":0,"108":0,"109":0,"110":0,"111":0,"112":0,"113":0,"114":0,"115":0,"116":0,"117":0,"118":0,"119":0,"120":0,"121":0,"122":0,"123":0,"124":0,"125":0,"126":0,"127":0,"128":0,"129":0,"130":0},"f":{"0":9,"1":5,"2":5,"3":7,"4":12,"5":12,"6":4,"7":5,"8":3,"9":8,"10":0,"11":0},"b":{"0":[1,1],"1":[0,1],"2":[0,9],"3":[4,1],"4":[1,0],"5":[6,6],"6":[12,6],"7":[6,0],"8":[6,6],"9":[12,6],"10":[6,0],"11":[6,1],"12":[4,2],"13":[6,5],"14":[1,4],"15":[1,1],"16":[2,2],"17":[1,7],"18":[8,3,2],"19":[1,6],"20":[1,0],"21":[1,0],"22":[5,1],"23":[1,5],"24":[3,0],"25":[0,0],"26":[0,0],"27":[0,0],"28":[0,0]}}
,"/app/tests/mocks/google-genai.js": {"path":"/app/tests/mocks/google-genai.js","statementMap":{"0":{"start":{"line":1,"column":28},"end":{"line":1,"column":37}},"1":{"start":{"line":2,"column":20},"end":{"line":6,"column":3}},"2":{"start":{"line":2,"column":56},"end":{"line":6,"column":2}},"3":{"start":{"line":7,"column":0},"end":{"line":18,"column":2}}},"fnMap":{"0":{"name":"(anonymous_0)","decl":{"start":{"line":2,"column":49},"end":{"line":2,"column":52}},"loc":{"start":{"line":2,"column":56},"end":{"line":6,"column":2}}}},"branchMap":{},"s":{"0":1,"1":1,"2":1,"3":1},"f":{"0":1},"b":{}}
}
