TN:
SF:lib/upscaler.ts
FN:13,(anonymous_10)
FN:35,(anonymous_11)
FNF:2
FNH:2
FNDA:6,(anonymous_10)
FNDA:5,(anonymous_11)
DA:5,7
DA:6,7
DA:9,7
DA:10,7
DA:13,7
DA:15,6
DA:16,1
DA:19,5
DA:21,5
DA:23,3
DA:24,3
DA:26,2
DA:28,2
DA:29,2
DA:30,2
DA:33,5
DA:35,5
DA:36,3
DA:39,3
DA:40,3
DA:43,2
DA:45,2
DA:46,2
DA:47,2
DA:50,5
LF:25
LH:25
BRDA:15,0,0,1
BRDA:15,0,1,5
BRF:2
BRH:2
end_of_record
TN:
SF:services/geminiService.ts
FN:21,dataUrlToPart
FN:30,processGeminiResponse
FN:31,(anonymous_2)
FN:43,callGeminiWithRetry
FN:65,(anonymous_4)
FN:70,(anonymous_5)
FN:83,(anonymous_6)
FN:107,getHairstyleSuggestions
FN:142,(anonymous_8)
FN:162,generateFourUpImage
FN:258,generateHairstyleVideo
FN:312,(anonymous_11)
FNF:12
FNH:10
FNDA:9,dataUrlToPart
FNDA:5,processGeminiResponse
FNDA:5,(anonymous_2)
FNDA:7,callGeminiWithRetry
FNDA:12,(anonymous_4)
FNDA:12,(anonymous_5)
FNDA:4,(anonymous_6)
FNDA:5,getHairstyleSuggestions
FNDA:3,(anonymous_8)
FNDA:8,generateFourUpImage
FNDA:0,generateHairstyleVideo
FNDA:0,(anonymous_11)
DA:5,1
DA:8,1
DA:11,1
DA:13,1
DA:14,0
DA:17,1
DA:22,9
DA:23,9
DA:24,0
DA:26,9
DA:27,9
DA:31,5
DA:33,5
DA:34,4
DA:35,4
DA:38,1
DA:39,1
DA:40,1
DA:44,7
DA:45,7
DA:47,7
DA:48,11
DA:49,11
DA:57,6
DA:60,6
DA:61,6
DA:62,6
DA:66,12
DA:67,6
DA:68,0
DA:70,12
DA:72,6
DA:74,0
DA:77,6
DA:78,6
DA:80,6
DA:81,4
DA:82,4
DA:83,4
DA:84,4
DA:86,2
DA:89,0
DA:107,1
DA:108,5
DA:109,1
DA:112,4
DA:122,4
DA:123,4
DA:139,3
DA:140,3
DA:142,3
DA:143,1
DA:146,1
DA:147,1
DA:150,2
DA:151,2
DA:162,1
DA:167,8
DA:168,8
DA:171,8
DA:172,8
DA:175,8
DA:177,1
DA:180,7
DA:181,1
DA:182,1
DA:183,1
DA:184,1
DA:185,1
DA:187,1
DA:188,1
DA:190,6
DA:191,5
DA:193,1
DA:197,6
DA:198,1
DA:202,7
DA:223,7
DA:225,7
DA:226,7
DA:227,7
DA:228,5
DA:230,3
DA:231,3
DA:232,3
DA:237,1
DA:258,1
DA:263,0
DA:281,0
DA:282,0
DA:283,0
DA:284,0
DA:286,0
DA:289,0
DA:290,0
DA:291,0
DA:292,0
DA:304,0
DA:305,0
DA:308,0
DA:309,0
DA:310,0
DA:311,0
DA:312,0
DA:313,0
DA:314,0
DA:316,0
DA:317,0
DA:321,0
DA:322,0
DA:323,0
DA:326,0
DA:327,0
DA:328,0
DA:329,0
DA:332,0
DA:334,0
DA:335,0
DA:336,0
DA:337,0
DA:339,0
DA:340,0
DA:343,0
DA:344,0
LF:124
LH:82
BRDA:11,0,0,1
BRDA:11,0,1,1
BRDA:13,1,0,0
BRDA:13,1,1,1
BRDA:23,2,0,0
BRDA:23,2,1,9
BRDA:33,3,0,4
BRDA:33,3,1,1
BRDA:40,4,0,1
BRDA:40,4,1,0
BRDA:66,5,0,6
BRDA:66,5,1,6
BRDA:66,6,0,12
BRDA:66,6,1,6
BRDA:67,7,0,6
BRDA:67,7,1,0
BRDA:67,8,0,6
BRDA:67,8,1,6
BRDA:70,9,0,12
BRDA:70,9,1,6
BRDA:77,10,0,6
BRDA:77,10,1,0
BRDA:78,11,0,6
BRDA:78,11,1,1
BRDA:80,12,0,4
BRDA:80,12,1,2
BRDA:80,13,0,6
BRDA:80,13,1,5
BRDA:108,14,0,1
BRDA:108,14,1,4
BRDA:142,15,0,1
BRDA:142,15,1,1
BRDA:142,16,0,2
BRDA:142,16,1,2
BRDA:175,17,0,1
BRDA:175,17,1,7
BRDA:175,18,0,8
BRDA:175,18,1,3
BRDA:175,18,2,2
BRDA:180,19,0,1
BRDA:180,19,1,6
BRDA:184,20,0,1
BRDA:184,20,1,0
BRDA:187,21,0,1
BRDA:187,21,1,0
BRDA:190,22,0,5
BRDA:190,22,1,1
BRDA:197,23,0,1
BRDA:197,23,1,5
BRDA:230,24,0,3
BRDA:230,24,1,0
BRDA:283,25,0,0
BRDA:283,25,1,0
BRDA:321,26,0,0
BRDA:321,26,1,0
BRDA:327,27,0,0
BRDA:327,27,1,0
BRDA:336,28,0,0
BRDA:336,28,1,0
BRF:59
BRH:43
end_of_record
TN:
SF:tests/mocks/google-genai.js
FN:2,(anonymous_0)
FNF:1
FNH:1
FNDA:1,(anonymous_0)
DA:1,1
DA:2,1
DA:7,1
LF:3
LH:3
BRF:0
BRH:0
end_of_record
